[225434363] Using port 4461
Server waiting for client
Connected player with UUID Red-Perpentine
Assigned index 0
Server waiting for client
Connected player with UUID Blue-Perpentine
Assigned index 1
Server waiting for client
Connected player with UUID Green-Perpentine
Assigned index 2
Server waiting for client
Connected player with UUID Purple-Perpentine
Assigned index 3
[225435649] Processing the map...
[225435708] Initializing controllers...
[225435712] Initializing the game...
[0] Red-Perpentine (Comm open) - sending GET_READY...
[0] Red-Perpentine (Comm open) - Ready!
[1] Blue-Perpentine (Comm open) - sending GET_READY...
[1] Blue-Perpentine (Comm open) - Ready!
[2] Green-Perpentine (Comm open) - sending GET_READY...
[2] Green-Perpentine (Comm open) - Ready!
[3] Purple-Perpentine (Comm open) - sending GET_READY...
[3] Purple-Perpentine (Comm open) - Ready!
[225436394] Turn number: 0
[225436394] ----------------------------------------------------
[225437013] Turn number: 1
[225437014] ----------------------------------------------------
[225437625] Turn number: 2
[225437625] ----------------------------------------------------
[225438273] Turn number: 3
[225438273] ----------------------------------------------------
[225438893] Turn number: 4
[225438893] ----------------------------------------------------
[225439514] Turn number: 5
[225439514] ----------------------------------------------------
[225440116] Red-Perpentine Acquired Territory, now at  (4, 2)
[225440116] Blue-Perpentine Acquired Territory, now at  (27, 4)
[225440116] Green-Perpentine Acquired Territory, now at  (27, 25)
[225440116] Purple-Perpentine Acquired Territory, now at  (4, 25)
[225440137] Turn number: 6
[225440137] ----------------------------------------------------
[225440759] Turn number: 7
[225440759] ----------------------------------------------------
[225441383] Turn number: 8
[225441383] ----------------------------------------------------
[225442002] Turn number: 9
[225442002] ----------------------------------------------------
[225442621] Turn number: 10
[225442621] ----------------------------------------------------
[225443237] Turn number: 11
[225443237] ----------------------------------------------------
[225443839] Blue-Perpentine Acquired Territory, now at  (25, 4)
[225443861] Turn number: 12
[225443861] ----------------------------------------------------
[225444462] Red-Perpentine Acquired Territory, now at  (6, 3)
[225444462] Green-Perpentine Acquired Territory, now at  (26, 23)
[225444462] Purple-Perpentine Acquired Territory, now at  (3, 23)
[225444483] Turn number: 13
[225444483] ----------------------------------------------------
[225445096] Turn number: 14
[225445096] ----------------------------------------------------
[225445706] Turn number: 15
[225445706] ----------------------------------------------------
[225446336] Turn number: 16
[225446336] ----------------------------------------------------
[225446945] Turn number: 17
[225446945] ----------------------------------------------------
[225447547] Blue-Perpentine Acquired Territory, now at  (25, 2)
[225447558] Turn number: 18
[225447558] ----------------------------------------------------
[225448169] Turn number: 19
[225448169] ----------------------------------------------------
[225448770] Red-Perpentine Acquired Territory, now at  (6, 2)
[225448770] Green-Perpentine Acquired Territory, now at  (27, 23)
[225448770] Purple-Perpentine Acquired Territory, now at  (4, 23)
[225448781] Turn number: 20
[225448782] ----------------------------------------------------
[225449396] Turn number: 21
[225449396] ----------------------------------------------------
[225450007] Turn number: 22
[225450007] ----------------------------------------------------
[225450618] Turn number: 23
[225450618] ----------------------------------------------------
[225451228] Turn number: 24
[225451228] ----------------------------------------------------
[225451830] Blue-Perpentine Acquired Territory, now at  (26, 6)
[225451844] Turn number: 25
[225451844] ----------------------------------------------------
[225452455] Turn number: 26
[225452456] ----------------------------------------------------
[225453058] Purple-Perpentine Acquired Territory, now at  (4, 22)
[225453070] Turn number: 27
[225453070] ----------------------------------------------------
[225453671] Red-Perpentine Acquired Territory, now at  (8, 2)
[225453671] Green-Perpentine Acquired Territory, now at  (27, 21)
[225453684] Turn number: 28
[225453684] ----------------------------------------------------
[225454296] Turn number: 29
[225454296] ----------------------------------------------------
[225454906] Turn number: 30
[225454906] ----------------------------------------------------
[225455517] Turn number: 31
[225455517] ----------------------------------------------------
[225456119] Blue-Perpentine Acquired Territory, now at  (24, 5)
[225456130] Turn number: 32
[225456130] ----------------------------------------------------
[225456740] Turn number: 33
[225456740] ----------------------------------------------------
[225457341] Red-Perpentine Acquired Territory, now at  (9, 3)
[225457341] Green-Perpentine Acquired Territory, now at  (26, 20)
[225457351] Turn number: 34
[225457351] ----------------------------------------------------
[225457962] Turn number: 35
[225457963] ----------------------------------------------------
[225458563] Purple-Perpentine Acquired Territory, now at  (4, 21)
[225458573] Turn number: 36
[225458573] ----------------------------------------------------
[225459174] Blue-Perpentine Acquired Territory, now at  (23, 3)
[225459221] Turn number: 37
[225459221] ----------------------------------------------------
[225459831] Turn number: 38
[225459831] ----------------------------------------------------
[225460448] Turn number: 39
[225460448] ----------------------------------------------------
[225461057] Turn number: 40
[225461057] ----------------------------------------------------
[225461669] Turn number: 41
[225461669] ----------------------------------------------------
[225462270] Red-Perpentine Acquired Territory, now at  (10, 2)
[225462270] Blue-Perpentine Acquired Territory, now at  (23, 2)
[225462270] Green-Perpentine Acquired Territory, now at  (27, 19)
[225462270] Purple-Perpentine Acquired Territory, now at  (4, 19)
[225462282] Turn number: 42
[225462282] ----------------------------------------------------
[225462893] Turn number: 43
[225462893] ----------------------------------------------------
[225463509] Turn number: 44
[225463510] ----------------------------------------------------
[225464130] Turn number: 45
[225464130] ----------------------------------------------------
[225464745] Turn number: 46
[225464745] ----------------------------------------------------
[225465363] Turn number: 47
[225465363] ----------------------------------------------------
[225465963] Blue-Perpentine Acquired Territory, now at  (22, 1)
[225465974] Turn number: 48
[225465974] ----------------------------------------------------
[225466576] Red-Perpentine Acquired Territory, now at  (12, 3)
[225466576] Green-Perpentine Acquired Territory, now at  (26, 17)
[225466576] Purple-Perpentine Acquired Territory, now at  (5, 19)
[225466588] Turn number: 49
[225466588] ----------------------------------------------------
[225467211] Turn number: 50
[225467211] ----------------------------------------------------
[225467824] Turn number: 51
[225467824] ----------------------------------------------------
[225468434] Turn number: 52
[225468434] ----------------------------------------------------
[225469045] Turn number: 53
[225469046] ----------------------------------------------------
[225469657] Turn number: 54
[225469657] ----------------------------------------------------
[225470257] Blue-Perpentine Acquired Territory, now at  (22, 4)
[225470267] Turn number: 55
[225470267] ----------------------------------------------------
[225470869] Red-Perpentine Acquired Territory, now at  (12, 2)
[225470869] Green-Perpentine Acquired Territory, now at  (27, 17)
[225470869] Purple-Perpentine Acquired Territory, now at  (5, 18)
[225470881] Turn number: 56
[225470881] ----------------------------------------------------
[225471494] Turn number: 57
[225471495] ----------------------------------------------------
[225472128] Turn number: 58
[225472128] ----------------------------------------------------
[225472742] Turn number: 59
[225472743] ----------------------------------------------------
[225473343] Blue-Perpentine Acquired Territory, now at  (23, 6)
[225473354] Turn number: 60
[225473354] ----------------------------------------------------
[225473968] Turn number: 61
[225473968] ----------------------------------------------------
[225474581] Turn number: 62
[225474582] ----------------------------------------------------
[225475195] Turn number: 63
[225475195] ----------------------------------------------------
[225475797] Red-Perpentine Acquired Territory, now at  (14, 2)
[225475797] Green-Perpentine Acquired Territory, now at  (27, 15)
[225475809] Turn number: 64
[225475810] ----------------------------------------------------
[225476412] Purple-Perpentine Acquired Territory, now at  (5, 17)
[225476441] Turn number: 65
[225476441] ----------------------------------------------------
[225477054] Turn number: 66
[225477054] ----------------------------------------------------
[225477655] Blue-Perpentine Acquired Territory, now at  (21, 5)
[225477670] Turn number: 67
[225477670] ----------------------------------------------------
[225478282] Turn number: 68
[225478282] ----------------------------------------------------
[225478905] Turn number: 69
[225478905] ----------------------------------------------------
[225479506] Red-Perpentine Acquired Territory, now at  (15, 3)
[225479506] Green-Perpentine Acquired Territory, now at  (26, 14)
[225479521] Turn number: 70
[225479521] ----------------------------------------------------
[225480122] Purple-Perpentine Acquired Territory, now at  (5, 15)
[225480136] Turn number: 71
[225480136] ----------------------------------------------------
[225480749] Turn number: 72
[225480749] ----------------------------------------------------
[225481360] Turn number: 73
[225481361] ----------------------------------------------------
[225481962] Blue-Perpentine Acquired Territory, now at  (21, 4)
[225481985] Turn number: 74
[225481985] ----------------------------------------------------
[225482598] Turn number: 75
[225482598] ----------------------------------------------------
[225483211] Turn number: 76
[225483211] ----------------------------------------------------
[225483825] Turn number: 77
[225483825] ----------------------------------------------------
[225484425] Red-Perpentine Acquired Territory, now at  (16, 2)
[225484425] Green-Perpentine Acquired Territory, now at  (27, 13)
[225484425] Purple-Perpentine Acquired Territory, now at  (6, 15)
[225484437] Turn number: 78
[225484438] ----------------------------------------------------
[225485068] Turn number: 79
[225485068] ----------------------------------------------------
[225485670] Blue-Perpentine Acquired Territory, now at  (22, 7)
[225485681] Turn number: 80
[225485681] ----------------------------------------------------
[225486295] Turn number: 81
[225486295] ----------------------------------------------------
[225486907] Turn number: 82
[225486908] ----------------------------------------------------
[225487520] Turn number: 83
[225487520] ----------------------------------------------------
[225488132] Turn number: 84
[225488132] ----------------------------------------------------
[225488735] Red-Perpentine Acquired Territory, now at  (18, 3)
[225488735] Green-Perpentine Acquired Territory, now at  (26, 11)
[225488735] Purple-Perpentine Acquired Territory, now at  (6, 14)
[225488747] Turn number: 85
[225488747] ----------------------------------------------------
[225489371] Turn number: 86
[225489371] ----------------------------------------------------
[225489974] Blue-Perpentine Acquired Territory, now at  (20, 6)
[225489987] Turn number: 87
[225489988] ----------------------------------------------------
[225490600] Turn number: 88
[225490600] ----------------------------------------------------
[225491213] Turn number: 89
[225491213] ----------------------------------------------------
[225491825] Turn number: 90
[225491826] ----------------------------------------------------
[225492438] Turn number: 91
[225492438] ----------------------------------------------------
[225493040] Red-Perpentine Acquired Territory, now at  (18, 2)
[225493040] Blue-Perpentine Acquired Territory, now at  (19, 4)
[225493040] Green-Perpentine Acquired Territory, now at  (27, 11)
[225493053] Turn number: 92
[225493053] ----------------------------------------------------
[225493666] Turn number: 93
[225493666] ----------------------------------------------------
[225494266] Red-Perpentine Killed AI at  (19, 3)
[225494266] Blue-Perpentine Died at  (19, 2)
[225494266] Purple-Perpentine Acquired Territory, now at  (6, 13)
[225494280] Turn number: 94
[225494281] ----------------------------------------------------
[225494893] Turn number: 95
[225494893] ----------------------------------------------------
[225495505] Turn number: 96
[225495505] ----------------------------------------------------
[225496117] Turn number: 97
[225496118] ----------------------------------------------------
[225496735] Turn number: 98
[225496735] ----------------------------------------------------
[225497335] Red-Perpentine Acquired Territory, now at  (20, 3)
[225497347] Turn number: 99
[225497347] ----------------------------------------------------
[225497947] Green-Perpentine Acquired Territory, now at  (27, 9)
[225497947] Purple-Perpentine Acquired Territory, now at  (6, 11)
[225497984] Turn number: 100
[225497984] ----------------------------------------------------
[225498597] Turn number: 101
[225498597] ----------------------------------------------------
[225499210] Turn number: 102
[225499210] ----------------------------------------------------
[225499822] Turn number: 103
[225499822] ----------------------------------------------------
[225500435] Turn number: 104
[225500435] ----------------------------------------------------
[225501048] Turn number: 105
[225501048] ----------------------------------------------------
[225501650] Red-Perpentine Acquired Territory, now at  (20, 2)
[225501650] Green-Perpentine Acquired Territory, now at  (26, 8)
[225501662] Turn number: 106
[225501662] ----------------------------------------------------
[225502263] Purple-Perpentine Acquired Territory, now at  (7, 11)
[225502277] Turn number: 107
[225502277] ----------------------------------------------------
[225502886] Turn number: 108
[225502886] ----------------------------------------------------
[225503498] Turn number: 109
[225503499] ----------------------------------------------------
[225504112] Turn number: 110
[225504113] ----------------------------------------------------
[225504728] Turn number: 111
[225504728] ----------------------------------------------------
[225505340] Turn number: 112
[225505340] ----------------------------------------------------
[225505953] Turn number: 113
[225505953] ----------------------------------------------------
[225506556] Red-Perpentine Acquired Territory, now at  (22, 2)
[225506556] Green-Perpentine Acquired Territory, now at  (27, 7)
[225506556] Purple-Perpentine Acquired Territory, now at  (7, 10)
[225506570] Turn number: 114
[225506570] ----------------------------------------------------
[225507187] Turn number: 115
[225507187] ----------------------------------------------------
[225507801] Turn number: 116
[225507801] ----------------------------------------------------
[225508412] Turn number: 117
[225508412] ----------------------------------------------------
[225509028] Turn number: 118
[225509028] ----------------------------------------------------
[225509629] Blue-Perpentine Re-spawned at  (22, 5)
[225509643] Turn number: 119
[225509643] ----------------------------------------------------
[225510243] Blue-Perpentine Killed AI at  (22, 4)
[225510243] Red-Perpentine Died at  (23, 3)
[225510254] Turn number: 120
[225510255] ----------------------------------------------------
[225510855] Green-Perpentine Acquired Territory, now at  (26, 5)
[225510891] Turn number: 121
[225510891] ----------------------------------------------------
[225511501] Turn number: 122
[225511502] ----------------------------------------------------
[225512104] Purple-Perpentine Acquired Territory, now at  (7, 9)
[225512120] Turn number: 123
[225512120] ----------------------------------------------------
[225512733] Turn number: 124
[225512733] ----------------------------------------------------
[225513334] Blue-Perpentine Acquired Territory, now at  (20, 1)
[225513352] Turn number: 125
[225513353] ----------------------------------------------------
[225513965] Turn number: 126
[225513965] ----------------------------------------------------
[225514575] Turn number: 127
[225514576] ----------------------------------------------------
[225515192] Green-Perpentine Acquired Territory, now at  (27, 5)
[225515206] Turn number: 128
[225515206] ----------------------------------------------------
[225515809] Purple-Perpentine Acquired Territory, now at  (7, 7)
[225515819] Turn number: 129
[225515819] ----------------------------------------------------
[225516422] Blue-Perpentine Acquired Territory, now at  (20, 2)
[225516441] Turn number: 130
[225516442] ----------------------------------------------------
[225517054] Turn number: 131
[225517054] ----------------------------------------------------
[225517667] Turn number: 132
[225517667] ----------------------------------------------------
[225518280] Turn number: 133
[225518281] ----------------------------------------------------
[225518894] Turn number: 134
[225518894] ----------------------------------------------------
[225519508] Turn number: 135
[225519508] ----------------------------------------------------
[225520111] Green-Perpentine Acquired Territory, now at  (27, 3)
[225520111] Purple-Perpentine Acquired Territory, now at  (8, 7)
[225520125] Turn number: 136
[225520125] ----------------------------------------------------
[225520739] Turn number: 137
[225520739] ----------------------------------------------------
[225521340] Blue-Perpentine Acquired Territory, now at  (18, 2)
[225521356] Turn number: 138
[225521356] ----------------------------------------------------
[225521969] Turn number: 139
[225521969] ----------------------------------------------------
[225522582] Turn number: 140
[225522582] ----------------------------------------------------
[225523195] Turn number: 141
[225523196] ----------------------------------------------------
[225523796] Green-Perpentine Acquired Territory, now at  (26, 2)
[225523829] Turn number: 142
[225523829] ----------------------------------------------------
[225524431] Purple-Perpentine Acquired Territory, now at  (8, 6)
[225524446] Turn number: 143
[225524446] ----------------------------------------------------
[225525060] Turn number: 144
[225525060] ----------------------------------------------------
[225525662] Red-Perpentine Re-spawned at  (12, 5)
[225525676] Turn number: 145
[225525677] ----------------------------------------------------
[225526277] Blue-Perpentine Acquired Territory, now at  (16, 2)
[225526289] Turn number: 146
[225526289] ----------------------------------------------------
[225526973] Turn number: 147
[225526973] ----------------------------------------------------
[225527589] Turn number: 148
[225527589] ----------------------------------------------------
[225528192] Red-Perpentine Acquired Territory, now at  (14, 5)
[225528192] Green-Perpentine Acquired Territory, now at  (24, 3)
[225528208] Turn number: 149
[225528209] ----------------------------------------------------
[225528821] Turn number: 150
[225528821] ----------------------------------------------------
[225529434] Turn number: 151
[225529434] ----------------------------------------------------
[225530038] Purple-Perpentine Acquired Territory, now at  (8, 5)
[225530076] Turn number: 152
[225530076] ----------------------------------------------------
[225530679] Blue-Perpentine Acquired Territory, now at  (17, 2)
[225530699] Turn number: 153
[225530699] ----------------------------------------------------
[225531301] Red-Perpentine Acquired Territory, now at  (17, 5)
[225531301] Green-Perpentine Acquired Territory, now at  (24, 2)
[225531318] Turn number: 154
[225531318] ----------------------------------------------------
[225531947] Turn number: 155
[225531947] ----------------------------------------------------
[225532562] Turn number: 156
[225532562] ----------------------------------------------------
[225533180] Turn number: 157
[225533180] ----------------------------------------------------
[225533781] Purple-Perpentine Acquired Territory, now at  (8, 3)
[225533792] Turn number: 158
[225533792] ----------------------------------------------------
[225534414] Turn number: 159
[225534414] ----------------------------------------------------
[225535019] Red-Perpentine Died at  (17, 5)
[225535019] Red-Perpentine Head on Collision at  (-1, -1)
[225535019] Blue-Perpentine Died at  (17, 5)
[225535020] Blue-Perpentine Head on Collision at  (-1, -1)
[225535020] Green-Perpentine Acquired Territory, now at  (23, 1)
[225535034] Turn number: 160
[225535034] ----------------------------------------------------
[225535649] Turn number: 161
[225535650] ----------------------------------------------------
[225536280] Turn number: 162
[225536280] ----------------------------------------------------
[225536904] Turn number: 163
[225536904] ----------------------------------------------------
[225537516] Turn number: 164
[225537517] ----------------------------------------------------
[225538118] Purple-Perpentine Acquired Territory, now at  (9, 3)
[225538129] Turn number: 165
[225538129] ----------------------------------------------------
[225538746] Turn number: 166
[225538746] ----------------------------------------------------
[225539348] Green-Perpentine Acquired Territory, now at  (23, 4)
[225539361] Turn number: 167
[225539361] ----------------------------------------------------
[225539973] Turn number: 168
[225539973] ----------------------------------------------------
[225540588] Turn number: 169
[225540588] ----------------------------------------------------
[225541199] Turn number: 170
[225541199] ----------------------------------------------------
[225541812] Turn number: 171
[225541812] ----------------------------------------------------
[225542416] Green-Perpentine Acquired Territory, now at  (24, 6)
[225542416] Purple-Perpentine Acquired Territory, now at  (9, 2)
[225542431] Turn number: 172
[225542431] ----------------------------------------------------
[225543058] Turn number: 173
[225543058] ----------------------------------------------------
[225543698] Turn number: 174
[225543698] ----------------------------------------------------
[225544317] Turn number: 175
[225544318] ----------------------------------------------------
[225544940] Turn number: 176
[225544940] ----------------------------------------------------
[225545553] Turn number: 177
[225545553] ----------------------------------------------------
[225546168] Turn number: 178
[225546168] ----------------------------------------------------
[225546769] Green-Perpentine Acquired Territory, now at  (22, 5)
[225546781] Turn number: 179
[225546781] ----------------------------------------------------
[225547385] Purple-Perpentine Acquired Territory, now at  (11, 2)
[225547426] Turn number: 180
[225547426] ----------------------------------------------------
[225548051] Turn number: 181
[225548051] ----------------------------------------------------
[225548668] Turn number: 182
[225548668] ----------------------------------------------------
[225549307] Turn number: 183
[225549308] ----------------------------------------------------
[225549934] Turn number: 184
[225549934] ----------------------------------------------------
[225550535] Red-Perpentine Re-spawned at  (6, 2)
[225550535] Blue-Perpentine Re-spawned at  (16, 4)
[225550551] Turn number: 185
[225550551] ----------------------------------------------------
[225551153] Green-Perpentine Acquired Territory, now at  (22, 4)
[225551153] Purple-Perpentine Acquired Territory, now at  (12, 3)
[225551170] Turn number: 186
[225551170] ----------------------------------------------------
[225551788] Turn number: 187
[225551788] ----------------------------------------------------
[225552402] Turn number: 188
[225552402] ----------------------------------------------------
[225553020] Turn number: 189
[225553021] ----------------------------------------------------
[225553623] Red-Perpentine Acquired Territory, now at  (7, 2)
[225553623] Blue-Perpentine Acquired Territory, now at  (17, 4)
[225553638] Turn number: 190
[225553638] ----------------------------------------------------
[225554251] Turn number: 191
[225554251] ----------------------------------------------------
[225554853] Green-Perpentine Acquired Territory, now at  (23, 7)
[225554869] Turn number: 192
[225554869] ----------------------------------------------------
[225555485] Turn number: 193
[225555485] ----------------------------------------------------
[225556087] Blue-Perpentine Killed AI at  (14, 3)
[225556087] Purple-Perpentine Died at  (13, 2)
[225556103] Turn number: 194
[225556104] ----------------------------------------------------
[225556706] Red-Perpentine Acquired Territory, now at  (8, 2)
[225556706] Blue-Perpentine Acquired Territory, now at  (14, 2)
[225556719] Turn number: 195
[225556719] ----------------------------------------------------
[225557334] Turn number: 196
[225557334] ----------------------------------------------------
[225557950] Turn number: 197
[225557950] ----------------------------------------------------
[225558566] Turn number: 198
[225558566] ----------------------------------------------------
[225559168] Green-Perpentine Acquired Territory, now at  (21, 6)
[225559183] Turn number: 199
[225559183] ----------------------------------------------------
[225559785] Blue-Perpentine Acquired Territory, now at  (14, 1)
[225559799] Turn number: 200
[225559799] ----------------------------------------------------
[225560428] Turn number: 201
[225560428] ----------------------------------------------------
[225561030] Red-Perpentine Acquired Territory, now at  (8, 1)
[225561044] Turn number: 202
[225561045] ----------------------------------------------------
[225561663] Turn number: 203
[225561663] ----------------------------------------------------
[225562266] Green-Perpentine Acquired Territory, now at  (20, 4)
[225562317] Turn number: 204
[225562317] ----------------------------------------------------
[225562934] Turn number: 205
[225562934] ----------------------------------------------------
[225563631] Turn number: 206
[225563632] ----------------------------------------------------
[225564247] Turn number: 207
[225564248] ----------------------------------------------------
[225564850] Blue-Perpentine Acquired Territory, now at  (15, 4)
[225564872] Turn number: 208
[225564872] ----------------------------------------------------
[225565539] Turn number: 209
[225565540] ----------------------------------------------------
[225566142] Red-Perpentine Acquired Territory, now at  (10, 1)
[225566142] Green-Perpentine Acquired Territory, now at  (21, 1)
[225566160] Turn number: 210
[225566160] ----------------------------------------------------
[225566788] Turn number: 211
[225566788] ----------------------------------------------------
[225567407] Turn number: 212
[225567407] ----------------------------------------------------
[225568037] Turn number: 213
[225568037] ----------------------------------------------------
[225568640] Blue-Perpentine Acquired Territory, now at  (14, 3)
[225568654] Turn number: 214
[225568654] ----------------------------------------------------
[225569273] Turn number: 215
[225569274] ----------------------------------------------------
[225569877] Red-Perpentine Acquired Territory, now at  (11, 2)
[225569899] Turn number: 216
[225569899] ----------------------------------------------------
[225570501] Green-Perpentine Acquired Territory, now at  (19, 2)
[225570518] Turn number: 217
[225570518] ----------------------------------------------------
[225571139] Turn number: 218
[225571140] ----------------------------------------------------
[225571741] Purple-Perpentine Re-spawned at  (3, 16)
[225571759] Turn number: 219
[225571759] ----------------------------------------------------
[225572374] Turn number: 220
[225572374] ----------------------------------------------------
[225572989] Turn number: 221
[225572989] ----------------------------------------------------
[225573590] Blue-Perpentine Acquired Territory, now at  (15, 6)
[225573590] Green-Perpentine Acquired Territory, now at  (18, 2)
[225573602] Turn number: 222
[225573602] ----------------------------------------------------
[225574207] Purple-Perpentine Acquired Territory, now at  (3, 16)
[225574221] Turn number: 223
[225574221] ----------------------------------------------------
[225574823] Red-Perpentine Acquired Territory, now at  (12, 1)
[225574862] Turn number: 224
[225574862] ----------------------------------------------------
[225575478] Turn number: 225
[225575478] ----------------------------------------------------
[225576092] Turn number: 226
[225576092] ----------------------------------------------------
[225576693] Blue-Perpentine Acquired Territory, now at  (12, 4)
[225576707] Turn number: 227
[225576707] ----------------------------------------------------
[225577310] Purple-Perpentine Acquired Territory, now at  (4, 12)
[225577326] Turn number: 228
[225577326] ----------------------------------------------------
[225577931] Green-Perpentine Killed AI at  (15, 2)
[225577931] Red-Perpentine Died at  (16, 2)
[225577945] Turn number: 229
[225577945] ----------------------------------------------------
[225578559] Turn number: 230
[225578559] ----------------------------------------------------
[225579161] Green-Perpentine Acquired Territory, now at  (17, 2)
[225579174] Turn number: 231
[225579174] ----------------------------------------------------
[225579775] Blue-Perpentine Acquired Territory, now at  (12, 3)
[225579787] Turn number: 232
[225579787] ----------------------------------------------------
[225580390] Purple-Perpentine Acquired Territory, now at  (5, 8)
[225580403] Turn number: 233
[225580403] ----------------------------------------------------
[225581015] Turn number: 234
[225581015] ----------------------------------------------------
[225581630] Turn number: 235
[225581630] ----------------------------------------------------
[225582245] Turn number: 236
[225582245] ----------------------------------------------------
[225582848] Green-Perpentine Acquired Territory, now at  (18, 3)
[225582866] Turn number: 237
[225582867] ----------------------------------------------------
[225583469] Purple-Perpentine Acquired Territory, now at  (7, 5)
[225583484] Turn number: 238
[225583485] ----------------------------------------------------
[225584087] Blue-Perpentine Acquired Territory, now at  (13, 3)
[225584105] Turn number: 239
[225584106] ----------------------------------------------------
[225584723] Turn number: 240
[225584724] ----------------------------------------------------
[225585339] Turn number: 241
[225585339] ----------------------------------------------------
[225585941] Purple-Perpentine Acquired Territory, now at  (9, 3)
[225585958] Turn number: 242
[225585959] ----------------------------------------------------
[225586576] Turn number: 243
[225586576] ----------------------------------------------------
[225587190] Turn number: 244
[225587191] ----------------------------------------------------
[225587791] Purple-Perpentine Killed AI at  (10, 1)
[225587791] Blue-Perpentine Died at  (10, 2)
[225587824] Turn number: 245
[225587824] ----------------------------------------------------
[225588427] Green-Perpentine Acquired Territory, now at  (18, 4)
[225588439] Turn number: 246
[225588440] ----------------------------------------------------
[225589060] Turn number: 247
[225589060] ----------------------------------------------------
[225589664] Purple-Perpentine Acquired Territory, now at  (9, 3)
[225589679] Turn number: 248
[225589679] ----------------------------------------------------
[225590300] Turn number: 249
[225590300] ----------------------------------------------------
[225590917] Turn number: 250
[225590917] ----------------------------------------------------
[225591520] Green-Perpentine Acquired Territory, now at  (15, 2)
[225591533] Turn number: 251
[225591533] ----------------------------------------------------
[225592149] Turn number: 252
[225592149] ----------------------------------------------------
[225592765] Turn number: 253
[225592765] ----------------------------------------------------
[225593368] Purple-Perpentine Acquired Territory, now at  (10, 2)
[225593368] Red-Perpentine Re-spawned at  (2, 4)
[225593382] Turn number: 254
[225593383] ----------------------------------------------------
[225594001] Turn number: 255
[225594001] ----------------------------------------------------
[225594605] Green-Perpentine Acquired Territory, now at  (15, 1)
[225594622] Turn number: 256
[225594622] ----------------------------------------------------
[225595241] Turn number: 257
[225595241] ----------------------------------------------------
[225595860] Turn number: 258
[225595860] ----------------------------------------------------
[225596464] Red-Perpentine Acquired Territory, now at  (3, 4)
[225596479] Turn number: 259
[225596479] ----------------------------------------------------
[225597097] Turn number: 260
[225597097] ----------------------------------------------------
[225597714] Turn number: 261
[225597714] ----------------------------------------------------
[225598318] Purple-Perpentine Acquired Territory, now at  (12, 2)
[225598348] Turn number: 262
[225598349] ----------------------------------------------------
[225598970] Turn number: 263
[225598970] ----------------------------------------------------
[225599573] Green-Perpentine Acquired Territory, now at  (16, 4)
[225599587] Turn number: 264
[225599587] ----------------------------------------------------
[225600233] Turn number: 265
[225600233] ----------------------------------------------------
[225600835] Red-Perpentine Acquired Territory, now at  (2, 2)
[225600854] Turn number: 266
[225600854] ----------------------------------------------------
[225601456] Green-Perpentine Killed AI at  (13, 4)
[225601456] Purple-Perpentine Died at  (14, 5)
[225601471] Turn number: 267
[225601471] ----------------------------------------------------
[225602091] Turn number: 268
[225602092] ----------------------------------------------------
[225602709] Turn number: 269
[225602709] ----------------------------------------------------
[225603313] Green-Perpentine Acquired Territory, now at  (15, 3)
[225603313] Blue-Perpentine Re-spawned at  (19, 7)
[225603328] Turn number: 270
[225603328] ----------------------------------------------------
[225603944] Turn number: 271
[225603944] ----------------------------------------------------
[225604570] Turn number: 272
[225604570] ----------------------------------------------------
[225605187] Turn number: 273
[225605188] ----------------------------------------------------
[225605806] Turn number: 274
[225605806] ----------------------------------------------------
[225606408] Red-Perpentine Acquired Territory, now at  (3, 6)
[225606423] Turn number: 275
[225606423] ----------------------------------------------------
[225607026] Blue-Perpentine Acquired Territory, now at  (19, 7)
[225607042] Turn number: 276
[225607042] ----------------------------------------------------
[225607660] Turn number: 277
[225607660] ----------------------------------------------------
[225608263] Green-Perpentine Acquired Territory, now at  (16, 6)
[225608282] Turn number: 278
[225608282] ----------------------------------------------------
[225608908] Turn number: 279
[225608908] ----------------------------------------------------
[225609526] Turn number: 280
[225609526] ----------------------------------------------------
[225610131] Red-Perpentine Acquired Territory, now at  (5, 4)
[225610131] Blue-Perpentine Acquired Territory, now at  (19, 6)
[225610149] Turn number: 281
[225610149] ----------------------------------------------------
[225610768] Turn number: 282
[225610769] ----------------------------------------------------
[225611372] Green-Perpentine Acquired Territory, now at  (13, 4)
[225611391] Turn number: 283
[225611391] ----------------------------------------------------
[225612011] Turn number: 284
[225612011] ----------------------------------------------------
[225612648] Turn number: 285
[225612648] ----------------------------------------------------
[225613251] Red-Perpentine Acquired Territory, now at  (8, 2)
[225613285] Turn number: 286
[225613285] ----------------------------------------------------
[225613908] Turn number: 287
[225613908] ----------------------------------------------------
[225614511] Green-Perpentine Acquired Territory, now at  (13, 3)
[225614527] Turn number: 288
[225614527] ----------------------------------------------------
[225615131] Blue-Perpentine Acquired Territory, now at  (19, 6)
[225615153] Turn number: 289
[225615153] ----------------------------------------------------
[225615756] Red-Perpentine Acquired Territory, now at  (11, 1)
[225615775] Turn number: 290
[225615775] ----------------------------------------------------
[225616394] Turn number: 291
[225616394] ----------------------------------------------------
[225616996] Purple-Perpentine Re-spawned at  (4, 23)
[225617020] Turn number: 292
[225617021] ----------------------------------------------------
[225617638] Turn number: 293
[225617638] ----------------------------------------------------
[225618263] Turn number: 294
[225618263] ----------------------------------------------------
[225618868] Blue-Perpentine Acquired Territory, now at  (20, 5)
[225618884] Turn number: 295
[225618884] ----------------------------------------------------
[225619488] Red-Perpentine Acquired Territory, now at  (11, 1)
[225619488] Green-Perpentine Acquired Territory, now at  (14, 6)
[225619511] Turn number: 296
[225619511] ----------------------------------------------------
[225620134] Turn number: 297
[225620134] ----------------------------------------------------
[225620761] Turn number: 298
[225620761] ----------------------------------------------------
[225621369] Purple-Perpentine Acquired Territory, now at  (6, 22)
[225621400] Turn number: 299
[225621400] ----------------------------------------------------
[225622030] Turn number: 300
[225622031] ----------------------------------------------------
[225622037] Turn limit reached: exiting game
